#
# There is insufficient memory for the Java Runtime Environment to continue.
# Native memory allocation (malloc) failed to allocate 1048576 bytes. Error detail: AllocateHeap
# Possible reasons:
#   The system is out of physical RAM or swap space
#   This process is running with CompressedOops enabled, and the Java Heap may be blocking the growth of the native heap
# Possible solutions:
#   Reduce memory load on the system
#   Increase physical memory or swap space
#   Check if swap backing store is full
#   Decrease Java heap size (-Xmx/-Xms)
#   Decrease number of Java threads
#   Decrease Java thread stack sizes (-Xss)
#   Set larger code cache with -XX:ReservedCodeCacheSize=
#   JVM is running with Zero Based Compressed Oops mode in which the Java heap is
#     placed in the first 32GB address space. The Java Heap base address is the
#     maximum limit for the native heap growth. Please use -XX:HeapBaseMinAddress
#     to set the Java Heap base and to place the Java Heap above 32GB virtual address.
# This output file may be truncated or incomplete.
#
#  Out of Memory Error (allocation.cpp:44), pid=5592, tid=23768
#
# JRE version:  (21.0.7) (build )
# Java VM: OpenJDK 64-Bit Server VM (21.0.7+-13880790-b1038.58, mixed mode, sharing, tiered, compressed oops, compressed class ptrs, g1 gc, windows-amd64)
# No core dump will be written. Minidumps are not enabled by default on client versions of Windows
#

---------------  S U M M A R Y ------------

Command Line: org.jetbrains.kotlin.cli.jvm.K2JVMCompiler @D:\Documents\Kotlin\Cat_and_mise\app\build\20251016_11430539776655623918.compiler.options

Host: AMD Ryzen 7 5800H with Radeon Graphics         , 16 cores, 15G,  Windows 11 , 64 bit Build 26100 (10.0.26100.6725)
Time: Thu Oct 16 21:22:48 2025  Windows 11 , 64 bit Build 26100 (10.0.26100.6725) elapsed time: 0.008140 seconds (0d 0h 0m 0s)

---------------  T H R E A D  ---------------

Current thread (0x000001d45ded1200):  JavaThread "Unknown thread" [_thread_in_vm, id=23768, stack(0x00000084b8900000,0x00000084b8a00000) (1024K)]

Stack: [0x00000084b8900000,0x00000084b8a00000]
Native frames: (J=compiled Java code, j=interpreted, Vv=VM code, C=native code)
V  [jvm.dll+0x6d25c9]
V  [jvm.dll+0x860923]
V  [jvm.dll+0x862e7e]
V  [jvm.dll+0x863563]
V  [jvm.dll+0x27f156]
V  [jvm.dll+0xba7a7]
V  [jvm.dll+0x330c35]
V  [jvm.dll+0x329221]
V  [jvm.dll+0x828379]
V  [jvm.dll+0x3bcce8]
V  [jvm.dll+0x811628]
V  [jvm.dll+0x45121e]
V  [jvm.dll+0x452981]
C  [jli.dll+0x52ab]
C  [ucrtbase.dll+0x37b0]
C  [KERNEL32.DLL+0x2e8d7]
C  [ntdll.dll+0x8c53c]


---------------  P R O C E S S  ---------------

Threads class SMR info:
_java_thread_list=0x00007ffac5174888, length=0, elements={
}

Java Threads: ( => current thread )
Total: 0

Other Threads:
  0x000001d4603fcdb0 WorkerThread "GC Thread#0"                     [id=21104, stack(0x00000084b8a00000,0x00000084b8b00000) (1024K)]

[error occurred during error reporting (printing all threads), id 0xc0000005, EXCEPTION_ACCESS_VIOLATION (0xc0000005) at pc=0x00007ffac4965760]
VM state: not at safepoint (not fully initialized)

VM Mutex/Monitor currently owned by a thread:  ([mutex/lock_event])
[0x00007ffac51e1568] Heap_lock - owner thread: 0x000001d45ded1200

Heap address: 0x000000070a400000, size: 3932 MB, Compressed Oops mode: Zero based, Oop shift amount: 3

CDS archive(s) mapped at: [0x0000000000000000-0x0000000000000000-0x0000000000000000), size 0, SharedBaseAddress: 0x0000000800000000, ArchiveRelocationMode: 1.
Narrow klass base: 0x0000000000000000, Narrow klass shift: 0, Narrow klass range: 0x0

GC Precious Log:
 CardTable entry size: 512
 Card Set container configuration: InlinePtr #cards 4 size 8 Array Of Cards #cards 16 size 48 Howl #buckets 8 coarsen threshold 3686 Howl Bitmap #cards 512 size 80 coarsen threshold 460 Card regions per heap region 1 cards per card region 4096

Heap:
 garbage-first heap   total 0K, used 0K [0x000000070a400000, 0x0000000800000000)
  region size 2048K, 0 young (0K), 0 survivors (0K)
 Metaspace       used 0K, committed 0K, reserved 0K
  class space    used 0K, committed 0K, reserved 0K

Heap Regions: E=young(eden), S=young(survivor), O=old, HS=humongous(starts), HC=humongous(continues), CS=collection set, F=free, TAMS=top-at-mark-start, PB=parsable bottom

Card table byte_map: [0x000001d473530000,0x000001d473ce0000] _byte_map_base: 0x000001d46fcde000

GC Heap History (0 events):
No events

Dll operation events (1 events):
Event: 0.006 Loaded shared library D:\Program\Android Studio\jbr\bin\java.dll

Deoptimization events (0 events):
No events

Classes loaded (0 events):
No events

Classes unloaded (0 events):
No events

Classes redefined (0 events):
No events

Internal exceptions (0 events):
No events

ZGC Phase Switch (0 events):
No events

VM Operations (0 events):
No events

Memory protections (0 events):
No events

Nmethod flushes (0 events):
No events

Events (0 events):
No events


Dynamic libraries:
0x00007ff77aa00000 - 0x00007ff77aa0a000 	D:\Program\Android Studio\jbr\bin\java.exe
0x00007ffb3bb00000 - 0x00007ffb3bd68000 	C:\WINDOWS\SYSTEM32\ntdll.dll
0x00007ffb3a3c0000 - 0x00007ffb3a489000 	C:\WINDOWS\System32\KERNEL32.DLL
0x00007ffb391f0000 - 0x00007ffb395e2000 	C:\WINDOWS\System32\KERNELBASE.dll
0x00007ffb395f0000 - 0x00007ffb3973b000 	C:\WINDOWS\System32\ucrtbase.dll
0x00007ffb33570000 - 0x00007ffb3358b000 	D:\Program\Android Studio\jbr\bin\VCRUNTIME140.dll
0x00007ffb2a870000 - 0x00007ffb2a888000 	D:\Program\Android Studio\jbr\bin\jli.dll
0x00007ffb3a140000 - 0x00007ffb3a305000 	C:\WINDOWS\System32\USER32.dll
0x00007ffb39870000 - 0x00007ffb39897000 	C:\WINDOWS\System32\win32u.dll
0x00007ffb22780000 - 0x00007ffb22a13000 	C:\WINDOWS\WinSxS\amd64_microsoft.windows.common-controls_6595b64144ccf1df_6.0.26100.6899_none_3e0efeeae32e88c1\COMCTL32.dll
0x00007ffb3a6b0000 - 0x00007ffb3a6db000 	C:\WINDOWS\System32\GDI32.dll
0x00007ffb3a6e0000 - 0x00007ffb3a789000 	C:\WINDOWS\System32\msvcrt.dll
0x00007ffb39740000 - 0x00007ffb3986d000 	C:\WINDOWS\System32\gdi32full.dll
0x00007ffb390a0000 - 0x00007ffb39143000 	C:\WINDOWS\System32\msvcp_win.dll
0x00007ffb39f60000 - 0x00007ffb39f8f000 	C:\WINDOWS\System32\IMM32.DLL
0x00007ffb33420000 - 0x00007ffb3342c000 	D:\Program\Android Studio\jbr\bin\vcruntime140_1.dll
0x00007ffb22b70000 - 0x00007ffb22bfd000 	D:\Program\Android Studio\jbr\bin\msvcp140.dll
0x00007ffac4630000 - 0x00007ffac52be000 	D:\Program\Android Studio\jbr\bin\server\jvm.dll
0x00007ffb3a570000 - 0x00007ffb3a624000 	C:\WINDOWS\System32\ADVAPI32.dll
0x00007ffb3aee0000 - 0x00007ffb3af86000 	C:\WINDOWS\System32\sechost.dll
0x00007ffb398a0000 - 0x00007ffb399b8000 	C:\WINDOWS\System32\RPCRT4.dll
0x00007ffb3a490000 - 0x00007ffb3a504000 	C:\WINDOWS\System32\WS2_32.dll
0x00007ffb38ae0000 - 0x00007ffb38b3e000 	C:\WINDOWS\SYSTEM32\POWRPROF.dll
0x00007ffb313c0000 - 0x00007ffb313f5000 	C:\WINDOWS\SYSTEM32\WINMM.dll
0x00007ffb31400000 - 0x00007ffb3140b000 	C:\WINDOWS\SYSTEM32\VERSION.dll
0x00007ffb38ac0000 - 0x00007ffb38ad4000 	C:\WINDOWS\SYSTEM32\UMPDC.dll
0x00007ffb37a30000 - 0x00007ffb37a4b000 	C:\WINDOWS\SYSTEM32\kernel.appcore.dll
0x00007ffb33410000 - 0x00007ffb3341a000 	D:\Program\Android Studio\jbr\bin\jimage.dll
0x00007ffb35ec0000 - 0x00007ffb36102000 	C:\WINDOWS\SYSTEM32\DBGHELP.DLL
0x00007ffb399c0000 - 0x00007ffb39d3b000 	C:\WINDOWS\System32\combase.dll
0x00007ffb3b8b0000 - 0x00007ffb3b987000 	C:\WINDOWS\System32\OLEAUT32.dll
0x00007ffb1ff80000 - 0x00007ffb1ffbc000 	C:\WINDOWS\SYSTEM32\dbgcore.DLL
0x00007ffb39150000 - 0x00007ffb391e8000 	C:\WINDOWS\System32\bcryptPrimitives.dll
0x00007ffb2d280000 - 0x00007ffb2d2a0000 	D:\Program\Android Studio\jbr\bin\java.dll

dbghelp: loaded successfully - version: 4.0.5 - missing functions: none
symbol engine: initialized successfully - sym options: 0x614 - pdb path: .;D:\Program\Android Studio\jbr\bin;C:\WINDOWS\SYSTEM32;C:\WINDOWS\WinSxS\amd64_microsoft.windows.common-controls_6595b64144ccf1df_6.0.26100.6899_none_3e0efeeae32e88c1;D:\Program\Android Studio\jbr\bin\server

VM Arguments:
java_command: org.jetbrains.kotlin.cli.jvm.K2JVMCompiler @D:\Documents\Kotlin\Cat_and_mise\app\build\20251016_11430539776655623918.compiler.options
java_class_path (initial): D:\installers\caches\modules-2\files-2.1\org.jetbrains.kotlin\kotlin-compiler-embeddable\2.0.21\79346ed53db48b18312a472602eb5c057070c54d\kotlin-compiler-embeddable-2.0.21.jar;D:\installers\caches\modules-2\files-2.1\org.jetbrains.kotlin\kotlin-stdlib\2.0.21\618b539767b4899b4660a83006e052b63f1db551\kotlin-stdlib-2.0.21.jar;D:\installers\caches\modules-2\files-2.1\org.jetbrains.kotlin\kotlin-script-runtime\2.0.21\c9b044380ad41f89aa89aa896c2d32a8c0b2129d\kotlin-script-runtime-2.0.21.jar;D:\installers\caches\modules-2\files-2.1\org.jetbrains.kotlin\kotlin-reflect\1.6.10\1cbe9c92c12a94eea200d23c2bbaedaf3daf5132\kotlin-reflect-1.6.10.jar;D:\installers\caches\modules-2\files-2.1\org.jetbrains.kotlin\kotlin-daemon-embeddable\2.0.21\c9e933b23287de9b5a17e2116b4657bb91aea72c\kotlin-daemon-embeddable-2.0.21.jar;D:\installers\caches\modules-2\files-2.1\org.jetbrains.intellij.deps\trove4j\1.0.20200330\3afb14d5f9ceb459d724e907a21145e8ff394f02\trove4j-1.0.20200330.jar;D:\installers\caches\modules-2\files-2.1\org.jetbrains.kotlinx\kotlinx-coroutines-core-jvm\1.6.4\2c997cd1c0ef33f3e751d3831929aeff1390cb30\kotlinx-coroutines-core-jvm-1.6.4.jar;D:\installers\caches\modules-2\files-2.1\org.jetbrains\annotations\13.0\919f0dfe192fb4e063e7dacadee7f8bb9a2672a9\annotations-13.0.jar
Launcher Type: SUN_STANDARD

[Global flags]
     intx CICompilerCount                          = 12                                        {product} {ergonomic}
     uint ConcGCThreads                            = 3                                         {product} {ergonomic}
     uint G1ConcRefinementThreads                  = 13                                        {product} {ergonomic}
   size_t G1HeapRegionSize                         = 2097152                                   {product} {ergonomic}
    uintx GCDrainStackTargetSize                   = 64                                        {product} {ergonomic}
   size_t InitialHeapSize                          = 257949696                                 {product} {ergonomic}
   size_t MarkStackSize                            = 4194304                                   {product} {ergonomic}
   size_t MaxHeapSize                              = 4123000832                                {product} {ergonomic}
   size_t MinHeapDeltaBytes                        = 2097152                                   {product} {ergonomic}
   size_t MinHeapSize                              = 8388608                                   {product} {ergonomic}
    uintx NonNMethodCodeHeapSize                   = 7602480                                {pd product} {ergonomic}
    uintx NonProfiledCodeHeapSize                  = 122027880                              {pd product} {ergonomic}
    uintx ProfiledCodeHeapSize                     = 122027880                              {pd product} {ergonomic}
    uintx ReservedCodeCacheSize                    = 251658240                              {pd product} {ergonomic}
     bool SegmentedCodeCache                       = true                                      {product} {ergonomic}
   size_t SoftMaxHeapSize                          = 4123000832                             {manageable} {ergonomic}
     bool UseCompressedOops                        = true                           {product lp64_product} {ergonomic}
     bool UseG1GC                                  = true                                      {product} {ergonomic}
     bool UseLargePagesIndividualAllocation        = false                                  {pd product} {ergonomic}

Logging:
Log output configuration:
 #0: stdout all=warning uptime,level,tags foldmultilines=false
 #1: stderr all=off uptime,level,tags foldmultilines=false

Environment Variables:
PATH=C:\Program Files\Common Files\Oracle\Java\javapath;C:\Program Files (x86)\Common Files\Oracle\Java\java8path;C:\Program Files (x86)\Common Files\Oracle\Java\javapath;C:\Program Files\Microsoft\jdk-11.0.16.101-hotspot\bin;C:\Windows\System32\HWAudioDriverLibs;C:\Windows\system32;C:\Windows;C:\Windows\System32\Wbem;C:\Windows\System32\WindowsPowerShell\v1.0\;C:\Windows\System32\OpenSSH\;C:\Users\Administrator\AppData\Local\Microsoft\WindowsApps;C:\Program Files\Microsoft SQL Server\150\Tools\Binn\;C:\WINDOWS\system32;C:\WINDOWS;C:\WINDOWS\System32\Wbem;C:\WINDOWS\System32\WindowsPowerShell\v1.0\;C:\WINDOWS\System32\OpenSSH\;D:\Program\bin;C:\Program Files\Microsoft SQL Server\Client SDK\ODBC\170\Tools\Binn\;C:\Program Files\dotnet\;C:\Program Files\Go\bin;C:\Program Files (x86)\STMicroelectronics\STM32 ST-LINK Utility\ST-LINK Utility;D:\Program\Git\cmd;C:\Users\Oleg\AppData\Local\Programs\Python\Python312\Scripts\;C:\Users\Oleg\AppData\Local\Programs\Python\Python312\;C:\Users\Oleg\AppData\Local\Programs\Python\Python311\Scripts\;C:\Users\Oleg\AppData\Local\Programs\Python\Python311\;C:\Users\Oleg\AppData\Local\Microsoft\WindowsApps;D:\Program\IntelliJ IDEA Community Edition 2023.1\bin;;D:\Program\Microsoft VS Code\Microsoft VS Code\bin;D:\Program\opencv\build\x64\vc16\bin;C:\Users\Oleg\.dotnet\tools;C:\Users\Oleg\go\bin
USERNAME=Oleg
OS=Windows_NT
PROCESSOR_IDENTIFIER=AMD64 Family 25 Model 80 Stepping 0, AuthenticAMD
TMP=C:\Users\Oleg\AppData\Local\Temp
TEMP=C:\Users\Oleg\AppData\Local\Temp




Periodic native trim disabled

JNI global refs:
JNI global refs: 0, weak refs: 0

JNI global refs memory usage: 0, weak refs: 0

Process memory usage:
Resident Set Size: 12932K (0% of 16101432K total physical memory with 512416K free physical memory)

OOME stack traces (most recent first):
Classloader memory used:

---------------  S Y S T E M  ---------------

OS:
 Windows 11 , 64 bit Build 26100 (10.0.26100.6725)
OS uptime: 0 days 11:40 hours

CPU: total 16 (initial active 16) (16 cores per cpu, 2 threads per core) family 25 model 80 stepping 0 microcode 0xa50000c, cx8, cmov, fxsr, ht, mmx, 3dnowpref, sse, sse2, sse3, ssse3, sse4a, sse4.1, sse4.2, popcnt, lzcnt, tsc, tscinvbit, avx, avx2, aes, erms, clmul, bmi1, bmi2, adx, sha, fma, vzeroupper, clflush, clflushopt, rdtscp, rdpid, fsrm, f16c, pku, cet_ss
Processor Information for processor 0
  Max Mhz: 3201, Current Mhz: 3201, Mhz Limit: 3201
Processor Information for processor 1
  Max Mhz: 3201, Current Mhz: 3201, Mhz Limit: 3201
Processor Information for processor 2
  Max Mhz: 3201, Current Mhz: 1990, Mhz Limit: 3201
Processor Information for processor 3
  Max Mhz: 3201, Current Mhz: 1990, Mhz Limit: 3201
Processor Information for processor 4
  Max Mhz: 3201, Current Mhz: 1990, Mhz Limit: 3201
Processor Information for processor 5
  Max Mhz: 3201, Current Mhz: 1990, Mhz Limit: 3201
Processor Information for processor 6
  Max Mhz: 3201, Current Mhz: 1990, Mhz Limit: 3201
Processor Information for processor 7
  Max Mhz: 3201, Current Mhz: 1990, Mhz Limit: 3201
Processor Information for processor 8
  Max Mhz: 3201, Current Mhz: 1990, Mhz Limit: 3201
Processor Information for processor 9
  Max Mhz: 3201, Current Mhz: 1990, Mhz Limit: 3201
Processor Information for processor 10
  Max Mhz: 3201, Current Mhz: 1990, Mhz Limit: 3201
Processor Information for processor 11
  Max Mhz: 3201, Current Mhz: 1990, Mhz Limit: 3201
Processor Information for processor 12
  Max Mhz: 3201, Current Mhz: 1990, Mhz Limit: 3201
Processor Information for processor 13
  Max Mhz: 3201, Current Mhz: 3201, Mhz Limit: 3201
Processor Information for processor 14
  Max Mhz: 3201, Current Mhz: 3201, Mhz Limit: 3201
Processor Information for processor 15
  Max Mhz: 3201, Current Mhz: 1990, Mhz Limit: 3201

Memory: 4k page, system-wide physical 15724M (500M free)
TotalPageFile size 19209M (AvailPageFile size 4M)
current process WorkingSet (physical memory assigned to process): 12M, peak: 12M
current process commit charge ("private bytes"): 69M, peak: 70M

vm_info: OpenJDK 64-Bit Server VM (21.0.7+-13880790-b1038.58) for windows-amd64 JRE (21.0.7+-13880790-b1038.58), built on 2025-08-04T20:56:21Z by "builder" with MS VC++ 16.10 / 16.11 (VS2019)

END.
