#
# There is insufficient memory for the Java Runtime Environment to continue.
# Native memory allocation (mmap) failed to map 257949696 bytes. Error detail: G1 virtual space
# Possible reasons:
#   The system is out of physical RAM or swap space
#   This process is running with CompressedOops enabled, and the Java Heap may be blocking the growth of the native heap
# Possible solutions:
#   Reduce memory load on the system
#   Increase physical memory or swap space
#   Check if swap backing store is full
#   Decrease Java heap size (-Xmx/-Xms)
#   Decrease number of Java threads
#   Decrease Java thread stack sizes (-Xss)
#   Set larger code cache with -XX:ReservedCodeCacheSize=
#   JVM is running with Zero Based Compressed Oops mode in which the Java heap is
#     placed in the first 32GB address space. The Java Heap base address is the
#     maximum limit for the native heap growth. Please use -XX:HeapBaseMinAddress
#     to set the Java Heap base and to place the Java Heap above 32GB virtual address.
# This output file may be truncated or incomplete.
#
#  Out of Memory Error (os_windows.cpp:3898), pid=15944, tid=25140
#
# JRE version:  (21.0.7) (build )
# Java VM: OpenJDK 64-Bit Server VM (21.0.7+-13880790-b1038.58, mixed mode, sharing, tiered, compressed oops, compressed class ptrs, g1 gc, windows-amd64)
# No core dump will be written. Minidumps are not enabled by default on client versions of Windows
#

---------------  S U M M A R Y ------------

Command Line: -Djava.awt.headless=true -Djava.util.logging.config.file=C:\Users\Oleg\.android\utp\logging1757706282433527348properties -Dfile.encoding=UTF-8 com.google.testing.platform.launcher.Launcher D:\installers\caches\modules-2\files-2.1\com.google.testing.platform\core\0.0.9-alpha03\ff2ca47a40b19adf61f703c497e8e84daca5d9fb\core-0.0.9-alpha03.jar;D:\installers\caches\modules-2\files-2.1\io.grpc\grpc-services\1.57.2\d631f4b716bba6f6f5014959ed424dee41543e7d\grpc-services-1.57.2.jar;D:\installers\caches\modules-2\files-2.1\io.opencensus\opencensus-proto\0.2.0\c05b6b32b69d5d9144087ea0ebc6fab183fb9151\opencensus-proto-0.2.0.jar;D:\installers\caches\modules-2\files-2.1\io.grpc\grpc-protobuf\1.57.2\a8354b878571970c518994b95627dc527270bfc4\grpc-protobuf-1.57.2.jar;D:\installers\caches\modules-2\files-2.1\com.google.api.grpc\proto-google-common-protos\2.17.0\7edf1e3aa96dc3861f7a8f24556c714e9c5b292\proto-google-common-protos-2.17.0.jar;D:\installers\caches\modules-2\files-2.1\com.google.dagger\dagger\2.48\c4a5ecf0eb4df3a726179657f1b586290dc08d1b\dagger-2.48.jar;D:\installers\caches\modules-2\files-2.1\io.grpc\grpc-stub\1.57.2\df47b4eb69fb36940689649400c8e9cbf7c3dc2c\grpc-stub-1.57.2.jar;D:\installers\caches\modules-2\files-2.1\io.grpc\grpc-netty\1.57.2\7b0b62141991e8f81917b8536a1aed8091be5627\grpc-netty-1.57.2.jar;D:\installers\caches\modules-2\files-2.1\io.grpc\grpc-core\1.57.2\2e04aac0fe659243f4ed5dbe4c2839e88408dffc\grpc-core-1.57.2.jar;D:\installers\caches\modules-2\files-2.1\io.opencensus\opencensus-api\0.31.0\6634f10ecd5eb3ac248f3ed5ee727c9a28c841bd\opencensus-api-0.31.0.jar;D:\installers\caches\modules-2\files-2.1\io.grpc\grpc-context\1.57.2\d2aa34eebfec2ce045873f410a7dd76437465509\grpc-context-1.57.2.jar;D:\installers\caches\modules-2\files-2.1\io.grpc\grpc-protobuf-lite\1.57.2\14d8e0cab40bf2f661e07b8d0dcc4192d4e9e85a\grpc-protobuf-lite-1.57.2.jar;D:\installers\caches\modules-2\files-2.1\io.grpc\grpc-api\1.57.2\c71a006b81ddae7bc4b7cb1d2da78c1b173761f4\grpc-api-1.57.2.jar;D:\installers\caches\modules-2\files-2.1\com.google.protobuf\protobuf-java-util\3.22.3\749cd4fe8ab52f37bc186193802ba19f5b284647\protobuf-java-util-3.22.3.jar;D:\installers\caches\modules-2\files-2.1\com.google.guava\guava\32.0.1-jre\6e5d51a72d142f2d40a57dfb897188b36a95b489\guava-32.0.1-jre.jar;D:\installers\caches\modules-2\files-2.1\com.google.errorprone\error_prone_annotations\2.23.0\43a27853b6c7d54893e0b1997c2c778c347179eb\error_prone_annotations-2.23.0.jar;D:\installers\caches\modules-2\files-2.1\com.google.protobuf\protobuf-kotlin\3.24.4\4641477ebf7aa4c96a0ea1fd68b9fe60990b7687\protobuf-kotlin-3.24.4.jar;D:\installers\caches\modules-2\files-2.1\com.google.protobuf\protobuf-java\3.24.4\a773e5a3845e6baa5c4ede5532c426ebe6c53330\protobuf-java-3.24.4.jar;D:\installers\caches\modules-2\files-2.1\javax.inject\javax.inject\1\6975da39a7040257bd51d21a231b76c915872d38\javax.inject-1.jar;D:\installers\caches\modules-2\files-2.1\org.jetbrains.kotlin\kotlin-reflect\1.8.21\662838019bc1141f8a311180d93b9e13765c7f55\kotlin-reflect-1.8.21.jar;D:\installers\caches\modules-2\files-2.1\org.jetbrains.kotlinx\kotlinx-coroutines-core-jvm\1.7.3\2b09627576f0989a436a00a4a54b55fa5026fb86\kotlinx-coroutines-core-jvm-1.7.3.jar;D:\installers\caches\modules-2\files-2.1\org.jetbrains.kotlin\kotlin-stdlib-jdk8\1.8.20\73576ddf378c5b4f1f6b449fe6b119b8183fc078\kotlin-stdlib-jdk8-1.8.20.jar;D:\installers\caches\modules-2\files-2.1\org.jetbrains.kotlin\kotlin-stdlib-jdk7\1.8.20\3aa51faf20aae8b31e1a4bc54f8370673d7b7df4\kotlin-stdlib-jdk7-1.8.20.jar;D:\installers\caches\modules-2\files-2.1\org.jetbrains.kotlin\kotlin-stdlib\1.8.21\43d50ab85bc7587adfe3dda3dbe579e5f8d51265\kotlin-stdlib-1.8.21.jar;D:\installers\caches\modules-2\files-2.1\com.google.guava\failureaccess\1.0.1\1dcf1de382a0bf95a3d8b0849546c88bac1292c9\failureaccess-1.0.1.jar;D:\installers\caches\modules-2\files-2.1\com.google.guava\listenablefuture\9999.0-empty-to-avoid-conflict-with-guava\b421526c5f297295adef1c886e5246c39d4ac629\listenablefuture-9999.0-empty-to-avoid-conflict-with-guava.jar;D:\installers\caches\modules-2\files-2.1\com.google.code.findbugs\jsr305\3.0.2\25ea2e8b0c338a877313bd4672d3fe056ea78f0d\jsr305-3.0.2.jar;D:\installers\caches\modules-2\files-2.1\org.checkerframework\checker-qual\3.33.0\de2b60b62da487644fc11f734e73c8b0b431238f\checker-qual-3.33.0.jar;D:\installers\caches\modules-2\files-2.1\com.google.j2objc\j2objc-annotations\2.8\c85270e307e7b822f1086b93689124b89768e273\j2objc-annotations-2.8.jar;D:\installers\caches\modules-2\files-2.1\io.netty\netty-codec-http2\4.1.93.Final\f1625b43bde13ec057da0d2fe381ded2547a70e\netty-codec-http2-4.1.93.Final.jar;D:\installers\caches\modules-2\files-2.1\io.netty\netty-handler-proxy\4.1.93.Final\c165c1efe1b9c0cc22546a057b530611a088768b\netty-handler-proxy-4.1.93.Final.jar;D:\installers\caches\modules-2\files-2.1\io.perfmark\perfmark-api\0.26.0\ef65452adaf20bf7d12ef55913aba24037b82738\perfmark-api-0.26.0.jar;D:\installers\caches\modules-2\files-2.1\io.netty\netty-codec-http\4.1.93.Final\36acf0c94d03eb6ecef78a749a32cbb7dc0c57b4\netty-codec-http-4.1.93.Final.jar;D:\installers\caches\modules-2\files-2.1\io.netty\netty-handler\4.1.93.Final\10f7ed9d8e1bfcba416074c70e5388be96116bfc\netty-handler-4.1.93.Final.jar;D:\installers\caches\modules-2\files-2.1\io.netty\netty-transport-native-unix-common\4.1.93.Final\f4fb8b4c8da539091f43abcbb9f0389e48807eea\netty-transport-native-unix-common-4.1.93.Final.jar;D:\installers\caches\modules-2\files-2.1\org.jetbrains.kotlin\kotlin-stdlib-common\1.8.21\d749cd5ae25da36d06e5028785038e24f9d37976\kotlin-stdlib-common-1.8.21.jar;D:\installers\caches\modules-2\files-2.1\org.jetbrains\annotations\23.0.0\8cc20c07506ec18e0834947b84a864bfc094484e\annotations-23.0.0.jar;D:\installers\caches\modules-2\files-2.1\com.google.code.gson\gson\2.10.1\b3add478d4382b78ea20b1671390a858002feb6c\gson-2.10.1.jar;D:\installers\caches\modules-2\files-2.1\com.google.android\annotations\4.1.1.4\a1678ba907bf92691d879fef34e1a187038f9259\annotations-4.1.1.4.jar;D:\installers\caches\modules-2\files-2.1\org.codehaus.mojo\animal-sniffer-annotations\1.23\3c0daebd5f0e1ce72cc50c818321ac957aeb5d70\animal-sniffer-annotations-1.23.jar;D:\installers\caches\modules-2\files-2.1\io.netty\netty-codec-socks\4.1.93.Final\81ca78969afc60073e47c3b7b361cc3839392c73\netty-codec-socks-4.1.93.Final.jar;D:\installers\caches\modules-2\files-2.1\io.netty\netty-codec\4.1.93.Final\503badb458b6586632be8d1f81aa4e5ab99a80fc\netty-codec-4.1.93.Final.jar;D:\installers\caches\modules-2\files-2.1\io.netty\netty-transport\4.1.93.Final\1a0894915c8027ce83b4d6a811c4e765955efd15\netty-transport-4.1.93.Final.jar;D:\installers\caches\modules-2\files-2.1\io.netty\netty-buffer\4.1.93.Final\87fac21f4ef95157866b07b48e3c707a2f13c581\netty-buffer-4.1.93.Final.jar;D:\installers\caches\modules-2\files-2.1\io.netty\netty-resolver\4.1.93.Final\3860e99075f9e078364ed38f6d6fc8825b7a168a\netty-resolver-4.1.93.Final.jar;D:\installers\caches\modules-2\files-2.1\io.netty\netty-common\4.1.93.Final\1cfc49b91b0d3ddb30c9f7d8467e5d02ae8babdf\netty-common-4.1.93.Final.jar --proto_config=C:\Users\Oleg\.android\utp\runnerConfig5189862233070972416.pb --proto_server_config=C:\Users\Oleg\.android\utp\serverConfig8742237406989257316.pb

Host: AMD Ryzen 7 5800H with Radeon Graphics         , 16 cores, 15G,  Windows 11 , 64 bit Build 26100 (10.0.26100.6725)
Time: Fri Oct 17 20:19:38 2025  Windows 11 , 64 bit Build 26100 (10.0.26100.6725) elapsed time: 0.008121 seconds (0d 0h 0m 0s)

---------------  T H R E A D  ---------------

Current thread (0x00000234df6dd540):  JavaThread "Unknown thread" [_thread_in_vm, id=25140, stack(0x000000fd6f700000,0x000000fd6f800000) (1024K)]

Stack: [0x000000fd6f700000,0x000000fd6f800000]
Native frames: (J=compiled Java code, j=interpreted, Vv=VM code, C=native code)
V  [jvm.dll+0x6d25c9]
V  [jvm.dll+0x860923]
V  [jvm.dll+0x862e7e]
V  [jvm.dll+0x863563]
V  [jvm.dll+0x27f156]
V  [jvm.dll+0x6ceee5]
V  [jvm.dll+0x6c29aa]
V  [jvm.dll+0x355ebb]
V  [jvm.dll+0x35db16]
V  [jvm.dll+0x3afb16]
V  [jvm.dll+0x3afde8]
V  [jvm.dll+0x32855c]
V  [jvm.dll+0x32924b]
V  [jvm.dll+0x828379]
V  [jvm.dll+0x3bcce8]
V  [jvm.dll+0x811628]
V  [jvm.dll+0x45121e]
V  [jvm.dll+0x452981]
C  [jli.dll+0x52ab]
C  [ucrtbase.dll+0x37b0]
C  [KERNEL32.DLL+0x2e8d7]
C  [ntdll.dll+0x8c53c]


---------------  P R O C E S S  ---------------

Threads class SMR info:
_java_thread_list=0x00007ffee97e4888, length=0, elements={
}

Java Threads: ( => current thread )
Total: 0

Other Threads:
  0x00000234e1ade4f0 WorkerThread "GC Thread#0"                     [id=15568, stack(0x000000fd6f800000,0x000000fd6f900000) (1024K)]
  0x00000234e1aef8d0 ConcurrentGCThread "G1 Main Marker"            [id=14416, stack(0x000000fd6f900000,0x000000fd6fa00000) (1024K)]
  0x00000234e1af0b70 WorkerThread "G1 Conc#0"                       [id=24824, stack(0x000000fd6fa00000,0x000000fd6fb00000) (1024K)]

[error occurred during error reporting (printing all threads), id 0xc0000005, EXCEPTION_ACCESS_VIOLATION (0xc0000005) at pc=0x00007ffee8fdb5b7]
VM state: not at safepoint (not fully initialized)

VM Mutex/Monitor currently owned by a thread:  ([mutex/lock_event])
[0x00007ffee9851568] Heap_lock - owner thread: 0x00000234df6dd540

Heap address: 0x000000070a400000, size: 3932 MB, Compressed Oops mode: Zero based, Oop shift amount: 3

CDS archive(s) mapped at: [0x0000000000000000-0x0000000000000000-0x0000000000000000), size 0, SharedBaseAddress: 0x0000000800000000, ArchiveRelocationMode: 1.
Narrow klass base: 0x0000000000000000, Narrow klass shift: 0, Narrow klass range: 0x0

GC Precious Log:
 CardTable entry size: 512
 Card Set container configuration: InlinePtr #cards 4 size 8 Array Of Cards #cards 16 size 48 Howl #buckets 8 coarsen threshold 3686 Howl Bitmap #cards 512 size 80 coarsen threshold 460 Card regions per heap region 1 cards per card region 4096

Heap:
 garbage-first heap   total 0K, used 0K [0x000000070a400000, 0x0000000800000000)
  region size 2048K, 0 young (0K), 0 survivors (0K)
 Metaspace       used 0K, committed 0K, reserved 0K
  class space    used 0K, committed 0K, reserved 0K

Heap Regions: E=young(eden), S=young(survivor), O=old, HS=humongous(starts), HC=humongous(continues), CS=collection set, F=free, TAMS=top-at-mark-start, PB=parsable bottom

Card table byte_map: [0x00000234f4bf0000,0x00000234f53a0000] _byte_map_base: 0x00000234f139e000

Marking Bits: (CMBitMap*) 0x00000234e1adebf0
 Bits: [0x00000234f53a0000, 0x00000234f9110000)

GC Heap History (0 events):
No events

Dll operation events (1 events):
Event: 0.006 Loaded shared library D:\Program\Android Studio\jbr\bin\java.dll

Deoptimization events (0 events):
No events

Classes loaded (0 events):
No events

Classes unloaded (0 events):
No events

Classes redefined (0 events):
No events

Internal exceptions (0 events):
No events

ZGC Phase Switch (0 events):
No events

VM Operations (0 events):
No events

Memory protections (0 events):
No events

Nmethod flushes (0 events):
No events

Events (0 events):
No events


Dynamic libraries:
0x00007ff78ebd0000 - 0x00007ff78ebda000 	D:\Program\Android Studio\jbr\bin\java.exe
0x00007fff582a0000 - 0x00007fff58508000 	C:\WINDOWS\SYSTEM32\ntdll.dll
0x00007fff56bc0000 - 0x00007fff56c89000 	C:\WINDOWS\System32\KERNEL32.DLL
0x00007fff55400000 - 0x00007fff557f2000 	C:\WINDOWS\System32\KERNELBASE.dll
0x00007fff558a0000 - 0x00007fff559eb000 	C:\WINDOWS\System32\ucrtbase.dll
0x00007fff1f880000 - 0x00007fff1f898000 	D:\Program\Android Studio\jbr\bin\jli.dll
0x00007fff51ac0000 - 0x00007fff51adb000 	D:\Program\Android Studio\jbr\bin\VCRUNTIME140.dll
0x00007fff569f0000 - 0x00007fff56bb5000 	C:\WINDOWS\System32\USER32.dll
0x00007fff39200000 - 0x00007fff39493000 	C:\WINDOWS\WinSxS\amd64_microsoft.windows.common-controls_6595b64144ccf1df_6.0.26100.6899_none_3e0efeeae32e88c1\COMCTL32.dll
0x00007fff56010000 - 0x00007fff56037000 	C:\WINDOWS\System32\win32u.dll
0x00007fff57460000 - 0x00007fff5748b000 	C:\WINDOWS\System32\GDI32.dll
0x00007fff578d0000 - 0x00007fff57979000 	C:\WINDOWS\System32\msvcrt.dll
0x00007fff55ee0000 - 0x00007fff5600d000 	C:\WINDOWS\System32\gdi32full.dll
0x00007fff559f0000 - 0x00007fff55a93000 	C:\WINDOWS\System32\msvcp_win.dll
0x00007fff57870000 - 0x00007fff5789f000 	C:\WINDOWS\System32\IMM32.DLL
0x00007fff419f0000 - 0x00007fff419fc000 	D:\Program\Android Studio\jbr\bin\vcruntime140_1.dll
0x00007fff0ea40000 - 0x00007fff0eacd000 	D:\Program\Android Studio\jbr\bin\msvcp140.dll
0x00007ffee8ca0000 - 0x00007ffee992e000 	D:\Program\Android Studio\jbr\bin\server\jvm.dll
0x00007fff56660000 - 0x00007fff56714000 	C:\WINDOWS\System32\ADVAPI32.dll
0x00007fff56c90000 - 0x00007fff56d36000 	C:\WINDOWS\System32\sechost.dll
0x00007fff57640000 - 0x00007fff57758000 	C:\WINDOWS\System32\RPCRT4.dll
0x00007fff56e10000 - 0x00007fff56e84000 	C:\WINDOWS\System32\WS2_32.dll
0x00007fff55260000 - 0x00007fff552be000 	C:\WINDOWS\SYSTEM32\POWRPROF.dll
0x00007fff4ddd0000 - 0x00007fff4de05000 	C:\WINDOWS\SYSTEM32\WINMM.dll
0x00007fff4de10000 - 0x00007fff4de1b000 	C:\WINDOWS\SYSTEM32\VERSION.dll
0x00007fff55240000 - 0x00007fff55254000 	C:\WINDOWS\SYSTEM32\UMPDC.dll
0x00007fff541d0000 - 0x00007fff541eb000 	C:\WINDOWS\SYSTEM32\kernel.appcore.dll
0x00007fff419e0000 - 0x00007fff419ea000 	D:\Program\Android Studio\jbr\bin\jimage.dll
0x00007fff52660000 - 0x00007fff528a2000 	C:\WINDOWS\SYSTEM32\DBGHELP.DLL
0x00007fff56100000 - 0x00007fff5647b000 	C:\WINDOWS\System32\combase.dll
0x00007fff56e90000 - 0x00007fff56f67000 	C:\WINDOWS\System32\OLEAUT32.dll
0x00007fff3fea0000 - 0x00007fff3fedc000 	C:\WINDOWS\SYSTEM32\dbgcore.DLL
0x00007fff55800000 - 0x00007fff55898000 	C:\WINDOWS\System32\bcryptPrimitives.dll
0x00007fff419c0000 - 0x00007fff419e0000 	D:\Program\Android Studio\jbr\bin\java.dll

dbghelp: loaded successfully - version: 4.0.5 - missing functions: none
symbol engine: initialized successfully - sym options: 0x614 - pdb path: .;D:\Program\Android Studio\jbr\bin;C:\WINDOWS\SYSTEM32;C:\WINDOWS\WinSxS\amd64_microsoft.windows.common-controls_6595b64144ccf1df_6.0.26100.6899_none_3e0efeeae32e88c1;D:\Program\Android Studio\jbr\bin\server

VM Arguments:
jvm_args: -Djava.awt.headless=true -Djava.util.logging.config.file=C:\Users\Oleg\.android\utp\logging1757706282433527348properties -Dfile.encoding=UTF-8 
java_command: com.google.testing.platform.launcher.Launcher D:\installers\caches\modules-2\files-2.1\com.google.testing.platform\core\0.0.9-alpha03\ff2ca47a40b19adf61f703c497e8e84daca5d9fb\core-0.0.9-alpha03.jar;D:\installers\caches\modules-2\files-2.1\io.grpc\grpc-services\1.57.2\d631f4b716bba6f6f5014959ed424dee41543e7d\grpc-services-1.57.2.jar;D:\installers\caches\modules-2\files-2.1\io.opencensus\opencensus-proto\0.2.0\c05b6b32b69d5d9144087ea0ebc6fab183fb9151\opencensus-proto-0.2.0.jar;D:\installers\caches\modules-2\files-2.1\io.grpc\grpc-protobuf\1.57.2\a8354b878571970c518994b95627dc527270bfc4\grpc-protobuf-1.57.2.jar;D:\installers\caches\modules-2\files-2.1\com.google.api.grpc\proto-google-common-protos\2.17.0\7edf1e3aa96dc3861f7a8f24556c714e9c5b292\proto-google-common-protos-2.17.0.jar;D:\installers\caches\modules-2\files-2.1\com.google.dagger\dagger\2.48\c4a5ecf0eb4df3a726179657f1b586290dc08d1b\dagger-2.48.jar;D:\installers\caches\modules-2\files-2.1\io.grpc\grpc-stub\1.57.2\df47b4eb69fb36940689649400c8e9cbf7c3dc2c\grpc-stub-1.57.2.jar;D:\installers\caches\modules-2\files-2.1\io.grpc\grpc-netty\1.57.2\7b0b62141991e8f81917b8536a1aed8091be5627\grpc-netty-1.57.2.jar;D:\installers\caches\modules-2\files-2.1\io.grpc\grpc-core\1.57.2\2e04aac0fe659243f4ed5dbe4c2839e88408dffc\grpc-core-1.57.2.jar;D:\installers\caches\modules-2\files-2.1\io.opencensus\opencensus-api\0.31.0\6634f10ecd5eb3ac248f3ed5ee727c9a28c841bd\opencensus-api-0.31.0.jar;D:\installers\caches\modules-2\files-2.1\io.grpc\grpc-context\1.57.2\d2aa34eebfec2ce045873f410a7dd76437465509\grpc-context-1.57.2.jar;D:\installers\caches\modules-2\files-2.1\io.grpc\grpc-protobuf-lite\1.57.2\14d8e0cab40bf2f661e07b8d0dcc4192d4e9e85a\grpc-protobuf-lite-1.57.2.jar;D:\installers\caches\modules-2\files-2.1\io.grpc\grpc-api\1.57.2\c71a006b81ddae7bc4b7cb1d2da78c1b173761f4\grpc-api-1.57.2.jar;D:\installers\caches\modules-2\files-2.1\com.google.protobuf\protobuf-java-util\3.22.3\749cd4fe8ab52f37bc186193802ba19f5b284647\pro
java_class_path (initial): D:\installers\caches\modules-2\files-2.1\com.google.testing.platform\launcher\0.0.9-alpha03\52583f1099230907897f5238f1dcb39097ba645b\launcher-0.0.9-alpha03.jar;D:\installers\caches\modules-2\files-2.1\com.google.protobuf\protobuf-java-util\3.24.4\f90394c695d47b16f608be5366373eec768597f1\protobuf-java-util-3.24.4.jar;D:\installers\caches\modules-2\files-2.1\com.google.guava\guava\32.0.1-jre\6e5d51a72d142f2d40a57dfb897188b36a95b489\guava-32.0.1-jre.jar;D:\installers\caches\modules-2\files-2.1\com.google.errorprone\error_prone_annotations\2.23.0\43a27853b6c7d54893e0b1997c2c778c347179eb\error_prone_annotations-2.23.0.jar;D:\installers\caches\modules-2\files-2.1\com.google.protobuf\protobuf-kotlin\3.24.4\4641477ebf7aa4c96a0ea1fd68b9fe60990b7687\protobuf-kotlin-3.24.4.jar;D:\installers\caches\modules-2\files-2.1\io.opencensus\opencensus-proto\0.2.0\c05b6b32b69d5d9144087ea0ebc6fab183fb9151\opencensus-proto-0.2.0.jar;D:\installers\caches\modules-2\files-2.1\com.google.protobuf\protobuf-java\3.24.4\a773e5a3845e6baa5c4ede5532c426ebe6c53330\protobuf-java-3.24.4.jar;D:\installers\caches\modules-2\files-2.1\org.jetbrains.kotlin\kotlin-reflect\1.8.21\662838019bc1141f8a311180d93b9e13765c7f55\kotlin-reflect-1.8.21.jar;D:\installers\caches\modules-2\files-2.1\org.jetbrains.kotlinx\atomicfu-jvm\0.22.0\c6a128a44ba52a18265e5ec816130cd341d80792\atomicfu-jvm-0.22.0.jar;D:\installers\caches\modules-2\files-2.1\org.jetbrains.kotlinx\kotlinx-coroutines-core-jvm\1.7.3\2b09627576f0989a436a00a4a54b55fa5026fb86\kotlinx-coroutines-core-jvm-1.7.3.jar;D:\installers\caches\modules-2\files-2.1\org.jetbrains.kotlin\kotlin-stdlib-jdk8\1.8.20\73576ddf378c5b4f1f6b449fe6b119b8183fc078\kotlin-stdlib-jdk8-1.8.20.jar;D:\installers\caches\modules-2\files-2.1\org.jetbrains.kotlin\kotlin-stdlib-jdk7\1.8.20\3aa51faf20aae8b31e1a4bc54f8370673d7b7df4\kotlin-stdlib-jdk7-1.8.20.jar;D:\installers\caches\modules-2\files-2.1\org.jetbrains.kotlin\kotlin-stdlib\1.9.0\8ee15ef0c67dc83d874f412d84378d7f0eb50b63\kotlin-stdlib-1.9.0.jar;D:\installers\caches\modules-2\files-2.1\com.google.guava\failureaccess\1.0.1\1dcf1de382a0bf95a3d8b0849546c88bac1292c9\failureaccess-1.0.1.jar;D:\installers\caches\modules-2\files-2.1\com.google.guava\listenablefuture\9999.0-empty-to-avoid-conflict-with-guava\b421526c5f297295adef1c886e5246c39d4ac629\listenablefuture-9999.0-empty-to-avoid-conflict-with-guava.jar;D:\installers\caches\modules-2\files-2.1\com.google.code.findbugs\jsr305\3.0.2\25ea2e8b0c338a877313bd4672d3fe056ea78f0d\jsr305-3.0.2.jar;D:\installers\caches\modules-2\files-2.1\org.checkerframework\checker-qual\3.33.0\de2b60b62da487644fc11f734e73c8b0b431238f\checker-qual-3.33.0.jar;D:\installers\caches\modules-2\files-2.1\com.google.j2objc\j2objc-annotations\2.8\c85270e307e7b822f1086b93689124b89768e273\j2objc-annotations-2.8.jar;D:\installers\caches\modules-2\files-2.1\com.google.code.gson\gson\2.8.9\8a432c1d6825781e21a02db2e2c33c5fde2833b9\gson-2.8.9.jar;D:\installers\caches\modules-2\files-2.1\org.jetbrains.kotlin\kotlin-stdlib-common\1.9.0\cd65c21cfd1eec4d44ef09f9f52b6d9f8a720636\kotlin-stdlib-common-1.9.0.jar;D:\installers\caches\modules-2\files-2.1\org.jetbrains\annotations\23.0.0\8cc20c07506ec18e0834947b84a864bfc094484e\annotations-23.0.0.jar
Launcher Type: SUN_STANDARD

[Global flags]
     intx CICompilerCount                          = 12                                        {product} {ergonomic}
     uint ConcGCThreads                            = 3                                         {product} {ergonomic}
     uint G1ConcRefinementThreads                  = 13                                        {product} {ergonomic}
   size_t G1HeapRegionSize                         = 2097152                                   {product} {ergonomic}
    uintx GCDrainStackTargetSize                   = 64                                        {product} {ergonomic}
   size_t InitialHeapSize                          = 257949696                                 {product} {ergonomic}
   size_t MarkStackSize                            = 4194304                                   {product} {ergonomic}
   size_t MaxHeapSize                              = 4123000832                                {product} {ergonomic}
   size_t MinHeapDeltaBytes                        = 2097152                                   {product} {ergonomic}
   size_t MinHeapSize                              = 8388608                                   {product} {ergonomic}
    uintx NonNMethodCodeHeapSize                   = 7602480                                {pd product} {ergonomic}
    uintx NonProfiledCodeHeapSize                  = 122027880                              {pd product} {ergonomic}
    uintx ProfiledCodeHeapSize                     = 122027880                              {pd product} {ergonomic}
    uintx ReservedCodeCacheSize                    = 251658240                              {pd product} {ergonomic}
     bool SegmentedCodeCache                       = true                                      {product} {ergonomic}
   size_t SoftMaxHeapSize                          = 4123000832                             {manageable} {ergonomic}
     bool UseCompressedOops                        = true                           {product lp64_product} {ergonomic}
     bool UseG1GC                                  = true                                      {product} {ergonomic}
     bool UseLargePagesIndividualAllocation        = false                                  {pd product} {ergonomic}

Logging:
Log output configuration:
 #0: stdout all=warning uptime,level,tags foldmultilines=false
 #1: stderr all=off uptime,level,tags foldmultilines=false

Environment Variables:
PATH=C:\Program Files\Common Files\Oracle\Java\javapath;C:\Program Files (x86)\Common Files\Oracle\Java\java8path;C:\Program Files (x86)\Common Files\Oracle\Java\javapath;C:\Program Files\Microsoft\jdk-11.0.16.101-hotspot\bin;C:\Windows\System32\HWAudioDriverLibs;C:\Windows\system32;C:\Windows;C:\Windows\System32\Wbem;C:\Windows\System32\WindowsPowerShell\v1.0\;C:\Windows\System32\OpenSSH\;C:\Users\Administrator\AppData\Local\Microsoft\WindowsApps;C:\Program Files\Microsoft SQL Server\150\Tools\Binn\;C:\WINDOWS\system32;C:\WINDOWS;C:\WINDOWS\System32\Wbem;C:\WINDOWS\System32\WindowsPowerShell\v1.0\;C:\WINDOWS\System32\OpenSSH\;D:\Program\bin;C:\Program Files\Microsoft SQL Server\Client SDK\ODBC\170\Tools\Binn\;C:\Program Files\dotnet\;C:\Program Files\Go\bin;C:\Program Files (x86)\STMicroelectronics\STM32 ST-LINK Utility\ST-LINK Utility;D:\Program\Git\cmd;C:\Users\Oleg\AppData\Local\Programs\Python\Python312\Scripts\;C:\Users\Oleg\AppData\Local\Programs\Python\Python312\;C:\Users\Oleg\AppData\Local\Programs\Python\Python311\Scripts\;C:\Users\Oleg\AppData\Local\Programs\Python\Python311\;C:\Users\Oleg\AppData\Local\Microsoft\WindowsApps;D:\Program\IntelliJ IDEA Community Edition 2023.1\bin;;D:\Program\Microsoft VS Code\Microsoft VS Code\bin;D:\Program\opencv\build\x64\vc16\bin;C:\Users\Oleg\.dotnet\tools;C:\Users\Oleg\go\bin
USERNAME=Oleg
OS=Windows_NT
PROCESSOR_IDENTIFIER=AMD64 Family 25 Model 80 Stepping 0, AuthenticAMD
TMP=C:\Users\Oleg\AppData\Local\Temp
TEMP=C:\Users\Oleg\AppData\Local\Temp




Periodic native trim disabled

JNI global refs:
JNI global refs: 0, weak refs: 0

JNI global refs memory usage: 0, weak refs: 0

Process memory usage:
Resident Set Size: 13072K (0% of 16101432K total physical memory with 1631052K free physical memory)

OOME stack traces (most recent first):
Classloader memory used:

---------------  S Y S T E M  ---------------

OS:
 Windows 11 , 64 bit Build 26100 (10.0.26100.6725)
OS uptime: 0 days 1:02 hours

CPU: total 16 (initial active 16) (16 cores per cpu, 2 threads per core) family 25 model 80 stepping 0 microcode 0xa50000c, cx8, cmov, fxsr, ht, mmx, 3dnowpref, sse, sse2, sse3, ssse3, sse4a, sse4.1, sse4.2, popcnt, lzcnt, tsc, tscinvbit, avx, avx2, aes, erms, clmul, bmi1, bmi2, adx, sha, fma, vzeroupper, clflush, clflushopt, rdtscp, rdpid, fsrm, f16c, pku, cet_ss
Processor Information for processor 0
  Max Mhz: 3201, Current Mhz: 3201, Mhz Limit: 3201
Processor Information for processor 1
  Max Mhz: 3201, Current Mhz: 1990, Mhz Limit: 3201
Processor Information for processor 2
  Max Mhz: 3201, Current Mhz: 1990, Mhz Limit: 3201
Processor Information for processor 3
  Max Mhz: 3201, Current Mhz: 1990, Mhz Limit: 3201
Processor Information for processor 4
  Max Mhz: 3201, Current Mhz: 1990, Mhz Limit: 3201
Processor Information for processor 5
  Max Mhz: 3201, Current Mhz: 3201, Mhz Limit: 3201
Processor Information for processor 6
  Max Mhz: 3201, Current Mhz: 3201, Mhz Limit: 3201
Processor Information for processor 7
  Max Mhz: 3201, Current Mhz: 3201, Mhz Limit: 3201
Processor Information for processor 8
  Max Mhz: 3201, Current Mhz: 1990, Mhz Limit: 3201
Processor Information for processor 9
  Max Mhz: 3201, Current Mhz: 3201, Mhz Limit: 3201
Processor Information for processor 10
  Max Mhz: 3201, Current Mhz: 1990, Mhz Limit: 3201
Processor Information for processor 11
  Max Mhz: 3201, Current Mhz: 1990, Mhz Limit: 3201
Processor Information for processor 12
  Max Mhz: 3201, Current Mhz: 3201, Mhz Limit: 3201
Processor Information for processor 13
  Max Mhz: 3201, Current Mhz: 1990, Mhz Limit: 3201
Processor Information for processor 14
  Max Mhz: 3201, Current Mhz: 1990, Mhz Limit: 3201
Processor Information for processor 15
  Max Mhz: 3201, Current Mhz: 3201, Mhz Limit: 3201

Memory: 4k page, system-wide physical 15724M (1592M free)
TotalPageFile size 19945M (AvailPageFile size 161M)
current process WorkingSet (physical memory assigned to process): 12M, peak: 12M
current process commit charge ("private bytes"): 70M, peak: 316M

vm_info: OpenJDK 64-Bit Server VM (21.0.7+-13880790-b1038.58) for windows-amd64 JRE (21.0.7+-13880790-b1038.58), built on 2025-08-04T20:56:21Z by "builder" with MS VC++ 16.10 / 16.11 (VS2019)

END.
